0 info it worked if it ends with ok
1 verbose cli [ '/usr/local/bin/node', '/usr/local/bin/npm', 'run', 'dev:h5' ]
2 info using npm@2.15.11
3 info using node@v4.7.0
4 verbose run-script [ 'predev:h5', 'dev:h5', 'postdev:h5' ]
5 info predev:h5 big_data1@1.0.0
6 info dev:h5 big_data1@1.0.0
7 verbose unsafe-perm in lifecycle true
8 info big_data1@1.0.0 Failed to exec dev:h5 script
9 verbose stack Error: big_data1@1.0.0 dev:h5: `npm run build:h5 -- --watch`
9 verbose stack Exit status 1
9 verbose stack     at EventEmitter.<anonymous> (/usr/local/lib/node_modules/npm/lib/utils/lifecycle.js:217:16)
9 verbose stack     at emitTwo (events.js:87:13)
9 verbose stack     at EventEmitter.emit (events.js:172:7)
9 verbose stack     at ChildProcess.<anonymous> (/usr/local/lib/node_modules/npm/lib/utils/spawn.js:24:14)
9 verbose stack     at emitTwo (events.js:87:13)
9 verbose stack     at ChildProcess.emit (events.js:172:7)
9 verbose stack     at maybeClose (internal/child_process.js:854:16)
9 verbose stack     at Process.ChildProcess._handle.onexit (internal/child_process.js:222:5)
10 verbose pkgid big_data1@1.0.0
11 verbose cwd /Users/mac/Desktop/big_data1
12 error Darwin 17.7.0
13 error argv "/usr/local/bin/node" "/usr/local/bin/npm" "run" "dev:h5"
14 error node v4.7.0
15 error npm  v2.15.11
16 error code ELIFECYCLE
17 error big_data1@1.0.0 dev:h5: `npm run build:h5 -- --watch`
17 error Exit status 1
18 error Failed at the big_data1@1.0.0 dev:h5 script 'npm run build:h5 -- --watch'.
18 error This is most likely a problem with the big_data1 package,
18 error not with npm itself.
18 error Tell the author that this fails on your system:
18 error     npm run build:h5 -- --watch
18 error You can get information on how to open an issue for this project with:
18 error     npm bugs big_data1
18 error Or if that isn't available, you can get their info via:
18 error
18 error     npm owner ls big_data1
18 error There is likely additional logging output above.
19 verbose exit [ 1, true ]
